TN:
SF:01-requestcount.js
FN:10,requestCountMiddleware
FNF:1
FNH:1
FNDA:12,requestCountMiddleware
DA:1,1
DA:2,1
DA:3,1
DA:4,1
DA:5,1
DA:6,1
DA:7,1
DA:8,1
DA:9,1
DA:10,12
DA:11,12
DA:12,12
DA:13,12
DA:14,1
DA:15,1
DA:16,1
DA:17,1
DA:18,1
DA:19,1
DA:20,1
DA:21,10
DA:22,1
DA:23,1
DA:24,1
DA:25,0
DA:26,1
DA:27,1
DA:28,1
DA:29,2
DA:30,1
DA:31,1
DA:32,1
LF:32
LH:31
BRDA:10,0,0,12
BRDA:20,1,0,10
BRDA:28,2,0,2
BRF:3
BRH:3
end_of_record
TN:
SF:02-ratelimitter.js
FN:16,requestCountMiddleware
FNF:1
FNH:1
FNDA:13,requestCountMiddleware
DA:1,1
DA:2,1
DA:3,1
DA:4,1
DA:5,1
DA:6,1
DA:7,1
DA:8,1
DA:9,1
DA:10,1
DA:11,1
DA:12,1
DA:13,1
DA:14,1
DA:15,1
DA:16,13
DA:17,13
DA:18,13
DA:19,2
DA:20,13
DA:21,11
DA:22,11
DA:23,13
DA:24,7
DA:25,13
DA:26,6
DA:27,6
DA:28,13
DA:29,1
DA:30,1
DA:31,1
DA:32,2
DA:33,1
DA:34,1
DA:35,1
DA:36,6
DA:37,1
DA:38,1
DA:39,1
DA:40,0
DA:41,1
DA:42,1
DA:43,1
LF:43
LH:42
BRDA:16,0,0,13
BRDA:18,1,0,2
BRDA:20,2,0,11
BRDA:23,3,0,7
BRDA:25,4,0,6
BRDA:31,5,0,2
BRDA:35,6,0,6
BRF:7
BRH:7
end_of_record
TN:
SF:03-errorcount.js
FN:15,errorCountMiddleware
FNF:1
FNH:0
FNDA:0,errorCountMiddleware
DA:1,1
DA:2,1
DA:3,1
DA:4,1
DA:5,1
DA:6,1
DA:7,1
DA:8,1
DA:9,1
DA:10,1
DA:11,1
DA:12,1
DA:13,1
DA:14,1
DA:15,0
DA:16,0
DA:17,0
DA:18,0
DA:19,0
DA:20,0
DA:21,0
DA:22,0
DA:23,1
DA:24,1
DA:25,11
DA:26,11
DA:27,11
DA:28,11
DA:29,11
DA:30,11
DA:31,11
DA:32,11
DA:33,1
DA:34,1
DA:35,1
DA:36,0
DA:37,1
DA:38,1
DA:39,1
DA:40,2
DA:41,1
DA:42,1
DA:43,1
LF:43
LH:34
BRDA:24,0,0,11
BRDA:39,1,0,2
BRF:2
BRH:2
end_of_record
